# JRE version: Java(TM) SE Runtime Environment (11.0+28) (build 11+28)
# Java VM: Java HotSpot(TM) 64-Bit Server VM (11+28, mixed mode, tiered, compressed oops, g1 gc, windows-amd64)
Heap:
 garbage-first heap   total 131072K, used 12221K [0x0000000080800000, 0x0000000100000000)
  region size 1024K, 5 young (5120K), 1 survivors (1024K)
 Metaspace       used 20606K, capacity 21162K, committed 21552K, reserved 1069056K
  class space    used 1975K, capacity 2186K, committed 2304K, reserved 1048576K
GC Heap History (10 events):
Event: 8579.308 GC heap before
{Heap before GC invocations=11 (full 0):
 garbage-first heap   total 131072K, used 81046K [0x0000000080800000, 0x0000000100000000)
  region size 1024K, 76 young (77824K), 3 survivors (3072K)
 Metaspace       used 20593K, capacity 21148K, committed 21296K, reserved 1069056K
  class space    used 1981K, capacity 2202K, committed 2304K, reserved 1048576K
}
Event: 8579.315 GC heap after
{Heap after GC invocations=12 (full 0):
 garbage-first heap   total 131072K, used 6372K [0x0000000080800000, 0x0000000100000000)
  region size 1024K, 3 young (3072K), 3 survivors (3072K)
 Metaspace       used 20593K, capacity 21148K, committed 21296K, reserved 1069056K
  class space    used 1981K, capacity 2202K, committed 2304K, reserved 1048576K
}
Event: 9506.448 GC heap before
{Heap before GC invocations=12 (full 0):
 garbage-first heap   total 131072K, used 81124K [0x0000000080800000, 0x0000000100000000)
  region size 1024K, 76 young (77824K), 3 survivors (3072K)
 Metaspace       used 20615K, capacity 21148K, committed 21296K, reserved 1069056K
  class space    used 1981K, capacity 2202K, committed 2304K, reserved 1048576K
}
Event: 9506.454 GC heap after
{Heap after GC invocations=13 (full 0):
 garbage-first heap   total 131072K, used 6353K [0x0000000080800000, 0x0000000100000000)
  region size 1024K, 3 young (3072K), 3 survivors (3072K)
 Metaspace       used 20615K, capacity 21148K, committed 21296K, reserved 1069056K
  class space    used 1981K, capacity 2202K, committed 2304K, reserved 1048576K
}
Event: 10069.319 GC heap before
{Heap before GC invocations=13 (full 0):
 garbage-first heap   total 131072K, used 55505K [0x0000000080800000, 0x0000000100000000)
  region size 1024K, 52 young (53248K), 3 survivors (3072K)
 Metaspace       used 20625K, capacity 21148K, committed 21296K, reserved 1069056K
  class space    used 1981K, capacity 2202K, committed 2304K, reserved 1048576K
}
Event: 10069.326 GC heap after
{Heap after GC invocations=14 (full 0):
 garbage-first heap   total 131072K, used 6646K [0x0000000080800000, 0x0000000100000000)
  region size 1024K, 3 young (3072K), 3 survivors (3072K)
 Metaspace       used 20625K, capacity 21148K, committed 21296K, reserved 1069056K
  class space    used 1981K, capacity 2202K, committed 2304K, reserved 1048576K
}
Event: 11290.603 GC heap before
{Heap before GC invocations=15 (full 0):
 garbage-first heap   total 131072K, used 81398K [0x0000000080800000, 0x0000000100000000)
  region size 1024K, 76 young (77824K), 3 survivors (3072K)
 Metaspace       used 20603K, capacity 21162K, committed 21552K, reserved 1069056K
  class space    used 1974K, capacity 2186K, committed 2304K, reserved 1048576K
}
Event: 11294.975 GC heap after
{Heap after GC invocations=16 (full 0):
 garbage-first heap   total 131072K, used 8750K [0x0000000080800000, 0x0000000100000000)
  region size 1024K, 5 young (5120K), 5 survivors (5120K)
 Metaspace       used 20603K, capacity 21162K, committed 21552K, reserved 1069056K
  class space    used 1974K, capacity 2186K, committed 2304K, reserved 1048576K
}
Event: 11300.777 GC heap before
{Heap before GC invocations=16 (full 0):
 garbage-first heap   total 131072K, used 9774K [0x0000000080800000, 0x0000000100000000)
  region size 1024K, 6 young (6144K), 5 survivors (5120K)
 Metaspace       used 20606K, capacity 21162K, committed 21552K, reserved 1069056K
  class space    used 1975K, capacity 2186K, committed 2304K, reserved 1048576K
}
Event: 11300.911 GC heap after
{Heap after GC invocations=17 (full 0):
 garbage-first heap   total 131072K, used 9149K [0x0000000080800000, 0x0000000100000000)
  region size 1024K, 1 young (1024K), 1 survivors (1024K)
 Metaspace       used 20606K, capacity 21162K, committed 21552K, reserved 1069056K
  class space    used 1975K, capacity 2186K, committed 2304K, reserved 1048576K
}

